d:\vspro\qtguiapplication1\qtguiapplication1\x64\release\main.obj
d:\vspro\qtguiapplication1\qtguiapplication1\x64\release\qtguiapplication1.obj
d:\vspro\qtguiapplication1\qtguiapplication1\x64\release\win.obj
d:\vspro\qtguiapplication1\qtguiapplication1\x64\release\moc_qtguiapplication1.obj
d:\vspro\qtguiapplication1\qtguiapplication1\x64\release\qrc_qtguiapplication1.obj
d:\vspro\qtguiapplication1\x64\release\qtguiapplication1.exe
d:\vspro\qtguiapplication1\qtguiapplication1\.\generatedfiles\release\moc_qtguiapplication1.cpp
d:\vspro\qtguiapplication1\qtguiapplication1\generatedfiles\ui_qtguiapplication1.h
d:\vspro\qtguiapplication1\qtguiapplication1\generatedfiles\qrc_qtguiapplication1.cpp
d:\vspro\qtguiapplication1\qtguiapplication1\generatedfiles\release\moc_qtguiapplication1.cpp
d:\vspro\qtguiapplication1\qtguiapplication1\.\generatedfiles\qrc_qtguiapplication1.cpp
d:\vspro\qtguiapplication1\qtguiapplication1\.\generatedfiles\ui_qtguiapplication1.h
d:\vspro\qtguiapplication1\qtguiapplication1\x64\release\qtguiapp.b12702ad.tlog\cl.13008.write.1.tlog
d:\vspro\qtguiapplication1\qtguiapplication1\x64\release\qtguiapp.b12702ad.tlog\cl.command.1.tlog
d:\vspro\qtguiapplication1\qtguiapplication1\x64\release\qtguiapp.b12702ad.tlog\cl.read.1.tlog
d:\vspro\qtguiapplication1\qtguiapplication1\x64\release\qtguiapp.b12702ad.tlog\link.command.1.tlog
d:\vspro\qtguiapplication1\qtguiapplication1\x64\release\qtguiapp.b12702ad.tlog\link.read.1.tlog
d:\vspro\qtguiapplication1\qtguiapplication1\x64\release\qtguiapp.b12702ad.tlog\link.write.1.tlog
d:\vspro\qtguiapplication1\qtguiapplication1\x64\release\qtguiapp.b12702ad.tlog\moc.read.1u.tlog
d:\vspro\qtguiapplication1\qtguiapplication1\x64\release\qtguiapp.b12702ad.tlog\moc.write.1u.tlog
d:\vspro\qtguiapplication1\qtguiapplication1\x64\release\qtguiapp.b12702ad.tlog\qtguiapplication1.write.1u.tlog
d:\vspro\qtguiapplication1\qtguiapplication1\x64\release\qtguiapp.b12702ad.tlog\rcc.read.1u.tlog
d:\vspro\qtguiapplication1\qtguiapplication1\x64\release\qtguiapp.b12702ad.tlog\rcc.write.1u.tlog
d:\vspro\qtguiapplication1\qtguiapplication1\x64\release\qtguiapp.b12702ad.tlog\uic.read.1u.tlog
d:\vspro\qtguiapplication1\qtguiapplication1\x64\release\qtguiapp.b12702ad.tlog\uic.write.1u.tlog
